<?xml version="1.0" encoding="UTF-8"?>
<!-- Generated by org.testng.reporters.JUnitReportReporter -->
<testsuite hostname="Ralph-HP" failures="0" tests="2" name="testCases.LoginPageTest2" time="52.986" errors="0" timestamp="2021-07-29T09:28:43 IST" skipped="0">
  <testcase classname="testCases.LoginPageTest2" name="setUp" time="52.984"/>
  <system-out/>
  <testcase classname="testCases.LoginPageTest2" name="Actions" time="0.002"/>
  <system-out/>
</testsuite> <!-- testCases.LoginPageTest2 -->
