<?xml version="1.0" encoding="UTF-8"?>
<!-- Generated by org.testng.reporters.JUnitReportReporter -->
<testsuite hostname="Ralph-HP" failures="0" tests="2" name="testCases.NaukriTest" time="92.003" errors="0" timestamp="2021-07-29T13:37:39 IST" skipped="0">
  <testcase classname="testCases.NaukriTest" name="NaukriTest_01" time="45.545"/>
  <system-out/>
  <testcase classname="testCases.NaukriTest" name="NaukriTest_02" time="46.458"/>
  <system-out/>
</testsuite> <!-- testCases.NaukriTest -->
